<?xml version="1.0" encoding="UTF-8"?>
<!-- Generated by org.testng.reporters.JUnitReportReporter -->
<testsuite hostname="FILT111" failures="0" tests="1" name="Backend_Testcases.Backend_Login" time="24.529" errors="0" timestamp="2023-07-18T12:44:25 IST" skipped="0">
  <testcase classname="Backend_Testcases.Backend_Login" name="backendLogin" time="24.529"/>
  <system-out/>
</testsuite> <!-- Backend_Testcases.Backend_Login -->
