<?xml version="1.0" encoding="UTF-8"?>
<!-- Generated by org.testng.reporters.JUnitReportReporter -->
<testsuite hostname="FILT111" failures="0" tests="1" name="Testcases.OpenBrowser" time="27.041" errors="0" timestamp="2023-06-03T16:20:49 IST" skipped="0">
  <testcase classname="Testcases.OpenBrowser" name="openBrowser" time="27.041"/>
  <system-out/>
</testsuite> <!-- Testcases.OpenBrowser -->
