<?xml version="1.0" encoding="UTF-8"?>
<!-- Generated by org.testng.reporters.JUnitReportReporter -->
<testsuite hostname="FILT111" failures="0" tests="1" name="Frontend_Testcases.OpenFrontend" time="12.456" errors="0" timestamp="2023-08-08T11:30:02 IST" skipped="0">
  <testcase classname="Frontend_Testcases.OpenFrontend" name="openFrontend" time="12.456"/>
  <system-out/>
</testsuite> <!-- Frontend_Testcases.OpenFrontend -->
