<?xml version="1.0" encoding="UTF-8"?>
<!-- Generated by org.testng.reporters.JUnitReportReporter -->
<testsuite hostname="FILT111" failures="0" tests="1" name="Frontend_Testcases.ListingPage" time="5.069" errors="0" timestamp="2023-07-07T11:52:27 IST" skipped="0">
  <testcase classname="Frontend_Testcases.ListingPage" name="listingPage" time="5.069"/>
  <system-out/>
</testsuite> <!-- Frontend_Testcases.ListingPage -->
