<?xml version="1.0" encoding="UTF-8"?>
<!-- Generated by org.testng.reporters.JUnitReportReporter -->
<testsuite hostname="FILT111" failures="0" tests="1" name="Backend_Testcases.CheckOrderStatus" time="44.276" errors="0" timestamp="2023-07-15T19:05:55 IST" skipped="0">
  <testcase classname="Backend_Testcases.CheckOrderStatus" name="checkOrderStatusFromGrid" time="44.276"/>
  <system-out/>
</testsuite> <!-- Backend_Testcases.CheckOrderStatus -->
