<?xml version="1.0" encoding="UTF-8"?>
<!-- Generated by org.testng.reporters.JUnitReportReporter -->
<testsuite hostname="FILT111" failures="0" tests="1" name="Testcases.Login" time="86.643" errors="0" timestamp="2023-06-22T11:21:16 IST" skipped="0">
  <testcase classname="Testcases.Login" name="login" time="86.643"/>
  <system-out/>
</testsuite> <!-- Testcases.Login -->
