<?xml version="1.0" encoding="UTF-8"?>
<!-- Generated by org.testng.reporters.JUnitReportReporter -->
<testsuite hostname="FILT111" failures="0" tests="1" name="Frontend_Testcases.LoginNew" time="23.183" errors="0" timestamp="2023-07-18T16:57:04 IST" skipped="0">
  <testcase classname="Frontend_Testcases.LoginNew" name="validUsernameValidPassword" time="23.183"/>
  <system-out/>
</testsuite> <!-- Frontend_Testcases.LoginNew -->
