<?xml version="1.0" encoding="UTF-8"?>
<!-- Generated by org.testng.reporters.JUnitReportReporter -->
<testsuite hostname="FILT111" failures="0" tests="2" name="Frontend_Testcases.AddToCart" time="99.763" errors="0" timestamp="2023-08-07T19:08:38 IST" skipped="0">
  <testcase classname="Frontend_Testcases.AddToCart" name="simpleProductAddToCartListingPage" time="41.740"/>
  <system-out/>
  <testcase classname="Frontend_Testcases.AddToCart" name="simpleProductAddToCartDetailPage" time="58.023"/>
  <system-out/>
</testsuite> <!-- Frontend_Testcases.AddToCart -->
