<?xml version="1.0" encoding="UTF-8"?>
<!-- Generated by org.testng.reporters.JUnitReportReporter -->
<testsuite hostname="FILT111" failures="0" tests="1" name="Frontend_Testcases.TS_01" time="25.551" errors="0" timestamp="2023-06-22T17:32:55 IST" skipped="0">
  <testcase classname="Frontend_Testcases.TS_01" name="openBrowser" time="25.551"/>
  <system-out/>
</testsuite> <!-- Frontend_Testcases.TS_01 -->
