<?xml version="1.0" encoding="UTF-8"?>
<!-- Generated by org.testng.reporters.JUnitReportReporter -->
<testsuite hostname="FILT111" failures="0" tests="1" name="Frontend_Testcases.OpenBrowser" time="4.860" errors="0" timestamp="2023-06-22T17:50:09 IST" skipped="0">
  <testcase classname="Frontend_Testcases.OpenBrowser" name="openBrowser" time="4.860"/>
  <system-out/>
</testsuite> <!-- Frontend_Testcases.OpenBrowser -->
