<?xml version="1.0" encoding="UTF-8"?>
<!-- Generated by org.testng.reporters.JUnitReportReporter -->
<testsuite hostname="FILT111" failures="0" tests="1" name="Testcases.TS_02" time="15.912" errors="0" timestamp="2023-05-10T15:14:49 IST" skipped="0">
  <testcase classname="Testcases.TS_02" name="addToCart" time="15.912"/>
  <system-out/>
</testsuite> <!-- Testcases.TS_02 -->
