<?xml version="1.0" encoding="UTF-8"?>
<!-- Generated by org.testng.reporters.JUnitReportReporter -->
<testsuite hostname="FILT111" failures="0" tests="1" name="Backend_Testcases.DealerLogin" time="23.888" errors="0" timestamp="2023-07-18T14:32:29 IST" skipped="0">
  <testcase classname="Backend_Testcases.DealerLogin" name="dealaerLogin" time="23.888"/>
  <system-out/>
</testsuite> <!-- Backend_Testcases.DealerLogin -->
