<?xml version="1.0" encoding="UTF-8"?>
<!-- Generated by org.testng.reporters.JUnitReportReporter -->
<testsuite hostname="FILT111" failures="0" tests="1" name="Testcases.CreateAccount" time="32.891" errors="0" timestamp="2023-06-03T16:20:49 IST" skipped="0">
  <testcase classname="Testcases.CreateAccount" name="createAccount" time="32.891"/>
  <system-out/>
</testsuite> <!-- Testcases.CreateAccount -->
