<?xml version="1.0" encoding="UTF-8"?>
<!-- Generated by org.testng.reporters.JUnitReportReporter -->
<testsuite hostname="FILT111" failures="0" tests="1" name="Testcases.Quit" time="0.347" errors="0" timestamp="2023-06-03T16:20:49 IST" skipped="0">
  <testcase classname="Testcases.Quit" name="quit" time="0.347"/>
  <system-out/>
</testsuite> <!-- Testcases.Quit -->
