<?xml version="1.0" encoding="UTF-8"?>
<!-- Generated by org.testng.reporters.JUnitReportReporter -->
<testsuite hostname="FILT111" failures="0" tests="1" name="Backend_Testcases.OrderInvoice" time="79.182" errors="0" timestamp="2023-07-18T12:44:25 IST" skipped="0">
  <testcase classname="Backend_Testcases.OrderInvoice" name="OrderInvoice" time="79.182"/>
  <system-out/>
</testsuite> <!-- Backend_Testcases.OrderInvoice -->
