<?xml version="1.0" encoding="UTF-8"?>
<!-- Generated by org.testng.reporters.JUnitReportReporter -->
<testsuite hostname="FILT111" failures="0" tests="1" name="Frontend_Testcases.ValidateHomepage" time="16.711" errors="0" timestamp="2023-07-24T13:22:57 IST" skipped="0">
  <testcase classname="Frontend_Testcases.ValidateHomepage" name="validateHomepage" time="16.711"/>
  <system-out/>
</testsuite> <!-- Frontend_Testcases.ValidateHomepage -->
