<?xml version="1.0" encoding="UTF-8"?>
<!-- Generated by org.testng.reporters.JUnitReportReporter -->
<testsuite hostname="FILT111" failures="0" tests="2" name="Frontend_Testcases.UserRegistration" time="84.397" errors="0" timestamp="2023-08-07T18:05:19 IST" skipped="0">
  <testcase classname="Frontend_Testcases.UserRegistration" name="userRegistrationErrorMessageValidation" time="46.312"/>
  <system-out/>
  <testcase classname="Frontend_Testcases.UserRegistration" name="userRegistration" time="38.085"/>
  <system-out/>
</testsuite> <!-- Frontend_Testcases.UserRegistration -->
