<?xml version="1.0" encoding="UTF-8"?>
<!-- Generated by org.testng.reporters.JUnitReportReporter -->
<testsuite hostname="FILT111" failures="0" tests="1" name="Frontend_Testcases.Logout" time="0.000" errors="0" timestamp="2023-08-07T12:16:48 IST" skipped="1">
  <testcase classname="Frontend_Testcases.Logout" name="logout" time="0.000">
    <skipped/>
  </testcase> <!-- logout -->
  <system-out/>
</testsuite> <!-- Frontend_Testcases.Logout -->
