<?xml version="1.0" encoding="UTF-8"?>
<!-- Generated by org.testng.reporters.JUnitReportReporter -->
<testsuite hostname="FILT111" failures="0" tests="1" name="Backend_Testcases.InventoryManagement" time="23.621" errors="0" timestamp="2023-07-18T14:32:29 IST" skipped="0">
  <testcase classname="Backend_Testcases.InventoryManagement" name="checkInventory" time="23.621"/>
  <system-out/>
</testsuite> <!-- Backend_Testcases.InventoryManagement -->
