<?xml version="1.0" encoding="UTF-8"?>
<!-- Generated by org.testng.reporters.JUnitReportReporter -->
<testsuite hostname="FILT111" failures="0" tests="1" name="Frontend_Testcases.ViewCart" time="32.067" errors="0" timestamp="2023-07-11T17:27:43 IST" skipped="0">
  <testcase classname="Frontend_Testcases.ViewCart" name="viewCart" time="32.067"/>
  <system-out/>
</testsuite> <!-- Frontend_Testcases.ViewCart -->
