<?xml version="1.0" encoding="UTF-8"?>
<!-- Generated by org.testng.reporters.JUnitReportReporter -->
<testsuite hostname="FILT111" failures="0" tests="1" name="Testcases.testing" time="38.231" errors="0" timestamp="2023-06-14T16:00:51 IST" skipped="0">
  <testcase classname="Testcases.testing" name="test" time="38.231"/>
  <system-out/>
</testsuite> <!-- Testcases.testing -->
