<?xml version="1.0" encoding="UTF-8"?>
<!-- Generated by org.testng.reporters.JUnitReportReporter -->
<testsuite hostname="FILT111" failures="0" tests="1" name="Testcases.AddToCart" time="18.099" errors="0" timestamp="2023-06-22T11:21:16 IST" skipped="0">
  <testcase classname="Testcases.AddToCart" name="addToCart" time="18.099"/>
  <system-out/>
</testsuite> <!-- Testcases.AddToCart -->
